 &PARAMETERS
 N_OC =            5
 N_TAU =            3
 NNBR =            5
 LNBR =            4
 XMAX =    10.0000000000000     
 NSTEPS =         1000
 FIELD STRENGTH =  0.100000000000000     
 OMEGA  =   0.114000000000000     
 OMG_  =    1.00000000000000     
 KMAX  =    1.60000000000000     
 OMG_MAX  =    1.13000000000000     
          15
 
 /mnt2/s/fred/research/uec/quantum_hhg/fedvr/analytical_include
 data/run_01/
           1  -1.00000000000000       0.100000000000000     
           2 -0.654653670707977       0.544444444444445     
           3  2.328818137280762E-082  0.711111111111111     
           4  0.654653670707977       0.544444444444445     
           5   1.00000000000000       0.100000000000000     
 Construction of kinetic energy matrix
 Time required for kinetic energy matrix  3.199999999999991E-005
 kinetic matrix built
 diagonalization          15
           0
 Time required for diagonalization (dsyevr)   7.900000000000008E-005
 cpu time after diagonalization  2.677000000000000E-003
 propagating
           1           1           0
 np =            5
 ns =            4
 nmax =           17
 
           5           1  -1.00000000000000       0.100000000000000     
           5           2 -0.654653670707977       0.544444444444445     
           5           3  2.328818137280762E-082  0.711111111111111     
           5           4  0.654653670707977       0.544444444444445     
           5           5   1.00000000000000       0.100000000000000     
 do i get here?           5           4          17
           1  -5.00000000000000       0.316227766016838     
           2  -4.56831708838497       0.737864787372622     
           3  -3.75000000000000       0.843274042711568     
           4  -2.93168291161503       0.737864787372622     
           5  -2.50000000000000       0.447213595499958     
 
           5  -2.50000000000000       0.316227766016838     
           6  -2.06831708838497       0.737864787372622     
           7  -1.25000000000000       0.843274042711568     
           8 -0.431682911615029       0.737864787372622     
           9  0.000000000000000E+000  0.447213595499958     
 
           9  0.000000000000000E+000  0.316227766016838     
          10  0.431682911615029       0.737864787372622     
          11   1.25000000000000       0.843274042711568     
          12   2.06831708838497       0.737864787372622     
          13   2.50000000000000       0.447213595499958     
 
          13   2.50000000000000       0.316227766016838     
          14   2.93168291161503       0.737864787372622     
          15   3.75000000000000       0.843274042711568     
          16   4.56831708838497       0.737864787372622     
          17   5.00000000000000       0.447213595499958     
 
           1           2           0
 np =            5
 ns =            4
 nmax =           17
 
           5           1  -1.00000000000000       0.100000000000000     
           5           2 -0.654653670707977       0.544444444444445     
           5           3  2.328818137280762E-082  0.711111111111111     
           5           4  0.654653670707977       0.544444444444445     
           5           5   1.00000000000000       0.100000000000000     
 do i get here?           5           4          17
           1  -5.00000000000000       0.316227766016838     
           2  -4.56831708838497       0.737864787372622     
           3  -3.75000000000000       0.843274042711568     
           4  -2.93168291161503       0.737864787372622     
           5  -2.50000000000000       0.447213595499958     
 
           5  -2.50000000000000       0.316227766016838     
           6  -2.06831708838497       0.737864787372622     
           7  -1.25000000000000       0.843274042711568     
           8 -0.431682911615029       0.737864787372622     
           9  0.000000000000000E+000  0.447213595499958     
 
           9  0.000000000000000E+000  0.316227766016838     
          10  0.431682911615029       0.737864787372622     
          11   1.25000000000000       0.843274042711568     
          12   2.06831708838497       0.737864787372622     
          13   2.50000000000000       0.447213595499958     
 
          13   2.50000000000000       0.316227766016838     
          14   2.93168291161503       0.737864787372622     
          15   3.75000000000000       0.843274042711568     
          16   4.56831708838497       0.737864787372622     
          17   5.00000000000000       0.447213595499958     
 
           1           3           0
 np =            5
 ns =            4
 nmax =           17
 
           5           1  -1.00000000000000       0.100000000000000     
           5           2 -0.654653670707977       0.544444444444445     
           5           3  2.328818137280762E-082  0.711111111111111     
           5           4  0.654653670707977       0.544444444444445     
           5           5   1.00000000000000       0.100000000000000     
 do i get here?           5           4          17
           1  -5.00000000000000       0.316227766016838     
           2  -4.56831708838497       0.737864787372622     
           3  -3.75000000000000       0.843274042711568     
           4  -2.93168291161503       0.737864787372622     
           5  -2.50000000000000       0.447213595499958     
 
           5  -2.50000000000000       0.316227766016838     
           6  -2.06831708838497       0.737864787372622     
           7  -1.25000000000000       0.843274042711568     
           8 -0.431682911615029       0.737864787372622     
           9  0.000000000000000E+000  0.447213595499958     
 
           9  0.000000000000000E+000  0.316227766016838     
          10  0.431682911615029       0.737864787372622     
          11   1.25000000000000       0.843274042711568     
          12   2.06831708838497       0.737864787372622     
          13   2.50000000000000       0.447213595499958     
 
          13   2.50000000000000       0.316227766016838     
          14   2.93168291161503       0.737864787372622     
          15   3.75000000000000       0.843274042711568     
          16   4.56831708838497       0.737864787372622     
          17   5.00000000000000       0.447213595499958     
 
           1           4           0
 np =            5
 ns =            4
 nmax =           17
 
           5           1  -1.00000000000000       0.100000000000000     
           5           2 -0.654653670707977       0.544444444444445     
           5           3  2.328818137280762E-082  0.711111111111111     
           5           4  0.654653670707977       0.544444444444445     
           5           5   1.00000000000000       0.100000000000000     
 do i get here?           5           4          17
           1  -5.00000000000000       0.316227766016838     
           2  -4.56831708838497       0.737864787372622     
           3  -3.75000000000000       0.843274042711568     
           4  -2.93168291161503       0.737864787372622     
           5  -2.50000000000000       0.447213595499958     
 
           5  -2.50000000000000       0.316227766016838     
           6  -2.06831708838497       0.737864787372622     
           7  -1.25000000000000       0.843274042711568     
           8 -0.431682911615029       0.737864787372622     
           9  0.000000000000000E+000  0.447213595499958     
 
           9  0.000000000000000E+000  0.316227766016838     
          10  0.431682911615029       0.737864787372622     
          11   1.25000000000000       0.843274042711568     
          12   2.06831708838497       0.737864787372622     
          13   2.50000000000000       0.447213595499958     
 
          13   2.50000000000000       0.316227766016838     
          14   2.93168291161503       0.737864787372622     
          15   3.75000000000000       0.843274042711568     
          16   4.56831708838497       0.737864787372622     
          17   5.00000000000000       0.447213595499958     
 
           1           5           0
 np =            5
 ns =            4
 nmax =           17
 
           5           1  -1.00000000000000       0.100000000000000     
           5           2 -0.654653670707977       0.544444444444445     
           5           3  2.328818137280762E-082  0.711111111111111     
           5           4  0.654653670707977       0.544444444444445     
           5           5   1.00000000000000       0.100000000000000     
 do i get here?           5           4          17
           1  -5.00000000000000       0.316227766016838     
           2  -4.56831708838497       0.737864787372622     
           3  -3.75000000000000       0.843274042711568     
           4  -2.93168291161503       0.737864787372622     
           5  -2.50000000000000       0.447213595499958     
 
           5  -2.50000000000000       0.316227766016838     
           6  -2.06831708838497       0.737864787372622     
           7  -1.25000000000000       0.843274042711568     
           8 -0.431682911615029       0.737864787372622     
           9  0.000000000000000E+000  0.447213595499958     
 
           9  0.000000000000000E+000  0.316227766016838     
          10  0.431682911615029       0.737864787372622     
          11   1.25000000000000       0.843274042711568     
          12   2.06831708838497       0.737864787372622     
          13   2.50000000000000       0.447213595499958     
 
          13   2.50000000000000       0.316227766016838     
          14   2.93168291161503       0.737864787372622     
          15   3.75000000000000       0.843274042711568     
          16   4.56831708838497       0.737864787372622     
          17   5.00000000000000       0.447213595499958     
 
           2           1           0
 np =            5
 ns =            4
 nmax =           17
 
           5           1  -1.00000000000000       0.100000000000000     
           5           2 -0.654653670707977       0.544444444444445     
           5           3  2.328818137280762E-082  0.711111111111111     
           5           4  0.654653670707977       0.544444444444445     
           5           5   1.00000000000000       0.100000000000000     
 do i get here?           5           4          17
           1  -5.00000000000000       0.316227766016838     
           2  -4.56831708838497       0.737864787372622     
           3  -3.75000000000000       0.843274042711568     
           4  -2.93168291161503       0.737864787372622     
           5  -2.50000000000000       0.447213595499958     
 
           5  -2.50000000000000       0.316227766016838     
           6  -2.06831708838497       0.737864787372622     
           7  -1.25000000000000       0.843274042711568     
           8 -0.431682911615029       0.737864787372622     
           9  0.000000000000000E+000  0.447213595499958     
 
           9  0.000000000000000E+000  0.316227766016838     
          10  0.431682911615029       0.737864787372622     
          11   1.25000000000000       0.843274042711568     
          12   2.06831708838497       0.737864787372622     
          13   2.50000000000000       0.447213595499958     
 
          13   2.50000000000000       0.316227766016838     
          14   2.93168291161503       0.737864787372622     
          15   3.75000000000000       0.843274042711568     
          16   4.56831708838497       0.737864787372622     
          17   5.00000000000000       0.447213595499958     
 
           2           2           0
 np =            5
 ns =            4
 nmax =           17
 
           5           1  -1.00000000000000       0.100000000000000     
           5           2 -0.654653670707977       0.544444444444445     
           5           3  2.328818137280762E-082  0.711111111111111     
           5           4  0.654653670707977       0.544444444444445     
           5           5   1.00000000000000       0.100000000000000     
 do i get here?           5           4          17
           1  -5.00000000000000       0.316227766016838     
           2  -4.56831708838497       0.737864787372622     
           3  -3.75000000000000       0.843274042711568     
           4  -2.93168291161503       0.737864787372622     
           5  -2.50000000000000       0.447213595499958     
 
           5  -2.50000000000000       0.316227766016838     
           6  -2.06831708838497       0.737864787372622     
           7  -1.25000000000000       0.843274042711568     
           8 -0.431682911615029       0.737864787372622     
           9  0.000000000000000E+000  0.447213595499958     
 
           9  0.000000000000000E+000  0.316227766016838     
          10  0.431682911615029       0.737864787372622     
          11   1.25000000000000       0.843274042711568     
          12   2.06831708838497       0.737864787372622     
          13   2.50000000000000       0.447213595499958     
 
          13   2.50000000000000       0.316227766016838     
          14   2.93168291161503       0.737864787372622     
          15   3.75000000000000       0.843274042711568     
          16   4.56831708838497       0.737864787372622     
          17   5.00000000000000       0.447213595499958     
 
           2           3           0
 np =            5
 ns =            4
 nmax =           17
 
           5           1  -1.00000000000000       0.100000000000000     
           5           2 -0.654653670707977       0.544444444444445     
           5           3  2.328818137280762E-082  0.711111111111111     
           5           4  0.654653670707977       0.544444444444445     
           5           5   1.00000000000000       0.100000000000000     
 do i get here?           5           4          17
           1  -5.00000000000000       0.316227766016838     
           2  -4.56831708838497       0.737864787372622     
           3  -3.75000000000000       0.843274042711568     
           4  -2.93168291161503       0.737864787372622     
           5  -2.50000000000000       0.447213595499958     
 
           5  -2.50000000000000       0.316227766016838     
           6  -2.06831708838497       0.737864787372622     
           7  -1.25000000000000       0.843274042711568     
           8 -0.431682911615029       0.737864787372622     
           9  0.000000000000000E+000  0.447213595499958     
 
           9  0.000000000000000E+000  0.316227766016838     
          10  0.431682911615029       0.737864787372622     
          11   1.25000000000000       0.843274042711568     
          12   2.06831708838497       0.737864787372622     
          13   2.50000000000000       0.447213595499958     
 
          13   2.50000000000000       0.316227766016838     
          14   2.93168291161503       0.737864787372622     
          15   3.75000000000000       0.843274042711568     
          16   4.56831708838497       0.737864787372622     
          17   5.00000000000000       0.447213595499958     
 
           2           4           0
 np =            5
 ns =            4
 nmax =           17
 
           5           1  -1.00000000000000       0.100000000000000     
           5           2 -0.654653670707977       0.544444444444445     
           5           3  2.328818137280762E-082  0.711111111111111     
           5           4  0.654653670707977       0.544444444444445     
           5           5   1.00000000000000       0.100000000000000     
 do i get here?           5           4          17
           1  -5.00000000000000       0.316227766016838     
           2  -4.56831708838497       0.737864787372622     
           3  -3.75000000000000       0.843274042711568     
           4  -2.93168291161503       0.737864787372622     
           5  -2.50000000000000       0.447213595499958     
 
           5  -2.50000000000000       0.316227766016838     
           6  -2.06831708838497       0.737864787372622     
           7  -1.25000000000000       0.843274042711568     
           8 -0.431682911615029       0.737864787372622     
           9  0.000000000000000E+000  0.447213595499958     
 
           9  0.000000000000000E+000  0.316227766016838     
          10  0.431682911615029       0.737864787372622     
          11   1.25000000000000       0.843274042711568     
          12   2.06831708838497       0.737864787372622     
          13   2.50000000000000       0.447213595499958     
 
          13   2.50000000000000       0.316227766016838     
          14   2.93168291161503       0.737864787372622     
          15   3.75000000000000       0.843274042711568     
          16   4.56831708838497       0.737864787372622     
          17   5.00000000000000       0.447213595499958     
 
           2           5           0
 np =            5
 ns =            4
 nmax =           17
 
           5           1  -1.00000000000000       0.100000000000000     
           5           2 -0.654653670707977       0.544444444444445     
           5           3  2.328818137280762E-082  0.711111111111111     
           5           4  0.654653670707977       0.544444444444445     
           5           5   1.00000000000000       0.100000000000000     
 do i get here?           5           4          17
           1  -5.00000000000000       0.316227766016838     
           2  -4.56831708838497       0.737864787372622     
           3  -3.75000000000000       0.843274042711568     
           4  -2.93168291161503       0.737864787372622     
           5  -2.50000000000000       0.447213595499958     
 
           5  -2.50000000000000       0.316227766016838     
           6  -2.06831708838497       0.737864787372622     
           7  -1.25000000000000       0.843274042711568     
           8 -0.431682911615029       0.737864787372622     
           9  0.000000000000000E+000  0.447213595499958     
 
           9  0.000000000000000E+000  0.316227766016838     
          10  0.431682911615029       0.737864787372622     
          11   1.25000000000000       0.843274042711568     
          12   2.06831708838497       0.737864787372622     
          13   2.50000000000000       0.447213595499958     
 
          13   2.50000000000000       0.316227766016838     
          14   2.93168291161503       0.737864787372622     
          15   3.75000000000000       0.843274042711568     
          16   4.56831708838497       0.737864787372622     
          17   5.00000000000000       0.447213595499958     
 
           3           1           0
 np =            5
 ns =            4
 nmax =           17
 
           5           1  -1.00000000000000       0.100000000000000     
           5           2 -0.654653670707977       0.544444444444445     
           5           3  2.328818137280762E-082  0.711111111111111     
           5           4  0.654653670707977       0.544444444444445     
           5           5   1.00000000000000       0.100000000000000     
 do i get here?           5           4          17
           1  -5.00000000000000       0.316227766016838     
           2  -4.56831708838497       0.737864787372622     
           3  -3.75000000000000       0.843274042711568     
           4  -2.93168291161503       0.737864787372622     
           5  -2.50000000000000       0.447213595499958     
 
           5  -2.50000000000000       0.316227766016838     
           6  -2.06831708838497       0.737864787372622     
           7  -1.25000000000000       0.843274042711568     
           8 -0.431682911615029       0.737864787372622     
           9  0.000000000000000E+000  0.447213595499958     
 
           9  0.000000000000000E+000  0.316227766016838     
          10  0.431682911615029       0.737864787372622     
          11   1.25000000000000       0.843274042711568     
          12   2.06831708838497       0.737864787372622     
          13   2.50000000000000       0.447213595499958     
 
          13   2.50000000000000       0.316227766016838     
          14   2.93168291161503       0.737864787372622     
          15   3.75000000000000       0.843274042711568     
          16   4.56831708838497       0.737864787372622     
          17   5.00000000000000       0.447213595499958     
 
           3           2           0
 np =            5
 ns =            4
 nmax =           17
 
           5           1  -1.00000000000000       0.100000000000000     
           5           2 -0.654653670707977       0.544444444444445     
           5           3  2.328818137280762E-082  0.711111111111111     
           5           4  0.654653670707977       0.544444444444445     
           5           5   1.00000000000000       0.100000000000000     
 do i get here?           5           4          17
           1  -5.00000000000000       0.316227766016838     
           2  -4.56831708838497       0.737864787372622     
           3  -3.75000000000000       0.843274042711568     
           4  -2.93168291161503       0.737864787372622     
           5  -2.50000000000000       0.447213595499958     
 
           5  -2.50000000000000       0.316227766016838     
           6  -2.06831708838497       0.737864787372622     
           7  -1.25000000000000       0.843274042711568     
           8 -0.431682911615029       0.737864787372622     
           9  0.000000000000000E+000  0.447213595499958     
 
           9  0.000000000000000E+000  0.316227766016838     
          10  0.431682911615029       0.737864787372622     
          11   1.25000000000000       0.843274042711568     
          12   2.06831708838497       0.737864787372622     
          13   2.50000000000000       0.447213595499958     
 
          13   2.50000000000000       0.316227766016838     
          14   2.93168291161503       0.737864787372622     
          15   3.75000000000000       0.843274042711568     
          16   4.56831708838497       0.737864787372622     
          17   5.00000000000000       0.447213595499958     
 
           3           3           0
 np =            5
 ns =            4
 nmax =           17
 
           5           1  -1.00000000000000       0.100000000000000     
           5           2 -0.654653670707977       0.544444444444445     
           5           3  2.328818137280762E-082  0.711111111111111     
           5           4  0.654653670707977       0.544444444444445     
           5           5   1.00000000000000       0.100000000000000     
 do i get here?           5           4          17
           1  -5.00000000000000       0.316227766016838     
           2  -4.56831708838497       0.737864787372622     
           3  -3.75000000000000       0.843274042711568     
           4  -2.93168291161503       0.737864787372622     
           5  -2.50000000000000       0.447213595499958     
 
           5  -2.50000000000000       0.316227766016838     
           6  -2.06831708838497       0.737864787372622     
           7  -1.25000000000000       0.843274042711568     
           8 -0.431682911615029       0.737864787372622     
           9  0.000000000000000E+000  0.447213595499958     
 
           9  0.000000000000000E+000  0.316227766016838     
          10  0.431682911615029       0.737864787372622     
          11   1.25000000000000       0.843274042711568     
          12   2.06831708838497       0.737864787372622     
          13   2.50000000000000       0.447213595499958     
 
          13   2.50000000000000       0.316227766016838     
          14   2.93168291161503       0.737864787372622     
          15   3.75000000000000       0.843274042711568     
          16   4.56831708838497       0.737864787372622     
          17   5.00000000000000       0.447213595499958     
 
           3           4           0
 np =            5
 ns =            4
 nmax =           17
 
           5           1  -1.00000000000000       0.100000000000000     
           5           2 -0.654653670707977       0.544444444444445     
           5           3  2.328818137280762E-082  0.711111111111111     
           5           4  0.654653670707977       0.544444444444445     
           5           5   1.00000000000000       0.100000000000000     
 do i get here?           5           4          17
           1  -5.00000000000000       0.316227766016838     
           2  -4.56831708838497       0.737864787372622     
           3  -3.75000000000000       0.843274042711568     
           4  -2.93168291161503       0.737864787372622     
           5  -2.50000000000000       0.447213595499958     
 
           5  -2.50000000000000       0.316227766016838     
           6  -2.06831708838497       0.737864787372622     
           7  -1.25000000000000       0.843274042711568     
           8 -0.431682911615029       0.737864787372622     
           9  0.000000000000000E+000  0.447213595499958     
 
           9  0.000000000000000E+000  0.316227766016838     
          10  0.431682911615029       0.737864787372622     
          11   1.25000000000000       0.843274042711568     
          12   2.06831708838497       0.737864787372622     
          13   2.50000000000000       0.447213595499958     
 
          13   2.50000000000000       0.316227766016838     
          14   2.93168291161503       0.737864787372622     
          15   3.75000000000000       0.843274042711568     
          16   4.56831708838497       0.737864787372622     
          17   5.00000000000000       0.447213595499958     
 
           3           5           0
 np =            5
 ns =            4
 nmax =           17
 
           5           1  -1.00000000000000       0.100000000000000     
           5           2 -0.654653670707977       0.544444444444445     
           5           3  2.328818137280762E-082  0.711111111111111     
           5           4  0.654653670707977       0.544444444444445     
           5           5   1.00000000000000       0.100000000000000     
 do i get here?           5           4          17
           1  -5.00000000000000       0.316227766016838     
           2  -4.56831708838497       0.737864787372622     
           3  -3.75000000000000       0.843274042711568     
           4  -2.93168291161503       0.737864787372622     
           5  -2.50000000000000       0.447213595499958     
 
           5  -2.50000000000000       0.316227766016838     
           6  -2.06831708838497       0.737864787372622     
           7  -1.25000000000000       0.843274042711568     
           8 -0.431682911615029       0.737864787372622     
           9  0.000000000000000E+000  0.447213595499958     
 
           9  0.000000000000000E+000  0.316227766016838     
          10  0.431682911615029       0.737864787372622     
          11   1.25000000000000       0.843274042711568     
          12   2.06831708838497       0.737864787372622     
          13   2.50000000000000       0.447213595499958     
 
          13   2.50000000000000       0.316227766016838     
          14   2.93168291161503       0.737864787372622     
          15   3.75000000000000       0.843274042711568     
          16   4.56831708838497       0.737864787372622     
          17   5.00000000000000       0.447213595499958     
 
           4           1           0
 np =            5
 ns =            4
 nmax =           17
 
           5           1  -1.00000000000000       0.100000000000000     
           5           2 -0.654653670707977       0.544444444444445     
           5           3  2.328818137280762E-082  0.711111111111111     
           5           4  0.654653670707977       0.544444444444445     
           5           5   1.00000000000000       0.100000000000000     
 do i get here?           5           4          17
           1  -5.00000000000000       0.316227766016838     
           2  -4.56831708838497       0.737864787372622     
           3  -3.75000000000000       0.843274042711568     
           4  -2.93168291161503       0.737864787372622     
           5  -2.50000000000000       0.447213595499958     
 
           5  -2.50000000000000       0.316227766016838     
           6  -2.06831708838497       0.737864787372622     
           7  -1.25000000000000       0.843274042711568     
           8 -0.431682911615029       0.737864787372622     
           9  0.000000000000000E+000  0.447213595499958     
 
           9  0.000000000000000E+000  0.316227766016838     
          10  0.431682911615029       0.737864787372622     
          11   1.25000000000000       0.843274042711568     
          12   2.06831708838497       0.737864787372622     
          13   2.50000000000000       0.447213595499958     
 
          13   2.50000000000000       0.316227766016838     
          14   2.93168291161503       0.737864787372622     
          15   3.75000000000000       0.843274042711568     
          16   4.56831708838497       0.737864787372622     
          17   5.00000000000000       0.447213595499958     
 
           4           2           0
 np =            5
 ns =            4
 nmax =           17
 
           5           1  -1.00000000000000       0.100000000000000     
           5           2 -0.654653670707977       0.544444444444445     
           5           3  2.328818137280762E-082  0.711111111111111     
           5           4  0.654653670707977       0.544444444444445     
           5           5   1.00000000000000       0.100000000000000     
 do i get here?           5           4          17
           1  -5.00000000000000       0.316227766016838     
           2  -4.56831708838497       0.737864787372622     
           3  -3.75000000000000       0.843274042711568     
           4  -2.93168291161503       0.737864787372622     
           5  -2.50000000000000       0.447213595499958     
 
           5  -2.50000000000000       0.316227766016838     
           6  -2.06831708838497       0.737864787372622     
           7  -1.25000000000000       0.843274042711568     
           8 -0.431682911615029       0.737864787372622     
           9  0.000000000000000E+000  0.447213595499958     
 
           9  0.000000000000000E+000  0.316227766016838     
          10  0.431682911615029       0.737864787372622     
          11   1.25000000000000       0.843274042711568     
          12   2.06831708838497       0.737864787372622     
          13   2.50000000000000       0.447213595499958     
 
          13   2.50000000000000       0.316227766016838     
          14   2.93168291161503       0.737864787372622     
          15   3.75000000000000       0.843274042711568     
          16   4.56831708838497       0.737864787372622     
          17   5.00000000000000       0.447213595499958     
 
           4           3           0
 np =            5
 ns =            4
 nmax =           17
 
           5           1  -1.00000000000000       0.100000000000000     
           5           2 -0.654653670707977       0.544444444444445     
           5           3  2.328818137280762E-082  0.711111111111111     
           5           4  0.654653670707977       0.544444444444445     
           5           5   1.00000000000000       0.100000000000000     
 do i get here?           5           4          17
           1  -5.00000000000000       0.316227766016838     
           2  -4.56831708838497       0.737864787372622     
           3  -3.75000000000000       0.843274042711568     
           4  -2.93168291161503       0.737864787372622     
           5  -2.50000000000000       0.447213595499958     
 
           5  -2.50000000000000       0.316227766016838     
           6  -2.06831708838497       0.737864787372622     
           7  -1.25000000000000       0.843274042711568     
           8 -0.431682911615029       0.737864787372622     
           9  0.000000000000000E+000  0.447213595499958     
 
           9  0.000000000000000E+000  0.316227766016838     
          10  0.431682911615029       0.737864787372622     
          11   1.25000000000000       0.843274042711568     
          12   2.06831708838497       0.737864787372622     
          13   2.50000000000000       0.447213595499958     
 
          13   2.50000000000000       0.316227766016838     
          14   2.93168291161503       0.737864787372622     
          15   3.75000000000000       0.843274042711568     
          16   4.56831708838497       0.737864787372622     
          17   5.00000000000000       0.447213595499958     
 
           4           4           0
 np =            5
 ns =            4
 nmax =           17
 
           5           1  -1.00000000000000       0.100000000000000     
           5           2 -0.654653670707977       0.544444444444445     
           5           3  2.328818137280762E-082  0.711111111111111     
           5           4  0.654653670707977       0.544444444444445     
           5           5   1.00000000000000       0.100000000000000     
 do i get here?           5           4          17
           1  -5.00000000000000       0.316227766016838     
           2  -4.56831708838497       0.737864787372622     
           3  -3.75000000000000       0.843274042711568     
           4  -2.93168291161503       0.737864787372622     
           5  -2.50000000000000       0.447213595499958     
 
           5  -2.50000000000000       0.316227766016838     
           6  -2.06831708838497       0.737864787372622     
           7  -1.25000000000000       0.843274042711568     
           8 -0.431682911615029       0.737864787372622     
           9  0.000000000000000E+000  0.447213595499958     
 
           9  0.000000000000000E+000  0.316227766016838     
          10  0.431682911615029       0.737864787372622     
          11   1.25000000000000       0.843274042711568     
          12   2.06831708838497       0.737864787372622     
          13   2.50000000000000       0.447213595499958     
 
          13   2.50000000000000       0.316227766016838     
          14   2.93168291161503       0.737864787372622     
          15   3.75000000000000       0.843274042711568     
          16   4.56831708838497       0.737864787372622     
          17   5.00000000000000       0.447213595499958     
 
           4           5           0
 np =            5
 ns =            4
 nmax =           17
 
           5           1  -1.00000000000000       0.100000000000000     
           5           2 -0.654653670707977       0.544444444444445     
           5           3  2.328818137280762E-082  0.711111111111111     
           5           4  0.654653670707977       0.544444444444445     
           5           5   1.00000000000000       0.100000000000000     
 do i get here?           5           4          17
           1  -5.00000000000000       0.316227766016838     
           2  -4.56831708838497       0.737864787372622     
           3  -3.75000000000000       0.843274042711568     
           4  -2.93168291161503       0.737864787372622     
           5  -2.50000000000000       0.447213595499958     
 
           5  -2.50000000000000       0.316227766016838     
           6  -2.06831708838497       0.737864787372622     
           7  -1.25000000000000       0.843274042711568     
           8 -0.431682911615029       0.737864787372622     
           9  0.000000000000000E+000  0.447213595499958     
 
           9  0.000000000000000E+000  0.316227766016838     
          10  0.431682911615029       0.737864787372622     
          11   1.25000000000000       0.843274042711568     
          12   2.06831708838497       0.737864787372622     
          13   2.50000000000000       0.447213595499958     
 
          13   2.50000000000000       0.316227766016838     
          14   2.93168291161503       0.737864787372622     
          15   3.75000000000000       0.843274042711568     
          16   4.56831708838497       0.737864787372622     
          17   5.00000000000000       0.447213595499958     
 
hertz.local
